c:\users\tekki\desktop\prototype ver.0.6\debug\vc140.pdb
c:\users\tekki\desktop\prototype ver.0.6\debug\vc140.idb
c:\users\tekki\desktop\prototype ver.0.6\debug\bullet.obj
c:\users\tekki\desktop\prototype ver.0.6\debug\camera.obj
c:\users\tekki\desktop\prototype ver.0.6\debug\cube.obj
c:\users\tekki\desktop\prototype ver.0.6\debug\enemy.obj
c:\users\tekki\desktop\prototype ver.0.6\debug\explosion.obj
c:\users\tekki\desktop\prototype ver.0.6\debug\fade.obj
c:\users\tekki\desktop\prototype ver.0.6\debug\game.obj
c:\users\tekki\desktop\prototype ver.0.6\debug\grid.obj
c:\users\tekki\desktop\prototype ver.0.6\debug\input.obj
c:\users\tekki\desktop\prototype ver.0.6\debug\joycon.obj
c:\users\tekki\desktop\prototype ver.0.6\debug\light.obj
c:\users\tekki\desktop\prototype ver.0.6\debug\main.obj
c:\users\tekki\desktop\prototype ver.0.6\debug\mydirect3d.obj
c:\users\tekki\desktop\prototype ver.0.6\debug\player.obj
c:\users\tekki\desktop\prototype ver.0.6\debug\sprite.obj
c:\users\tekki\desktop\prototype ver.0.6\debug\system_timer.obj
c:\users\tekki\desktop\prototype ver.0.6\debug\texture.obj
c:\users\tekki\desktop\prototype ver.0.6\debug\debug_font.obj
c:\users\ths70146\documents\visual studio 2015\projects\prototype ver.0.6\debug\vc140.pdb
c:\users\ths70146\documents\visual studio 2015\projects\prototype ver.0.6\debug\vc140.idb
c:\users\ths70146\documents\visual studio 2015\projects\prototype ver.0.6\debug\bullet.obj
c:\users\ths70146\documents\visual studio 2015\projects\prototype ver.0.6\debug\camera.obj
c:\users\ths70146\documents\visual studio 2015\projects\prototype ver.0.6\debug\cube.obj
c:\users\ths70146\documents\visual studio 2015\projects\prototype ver.0.6\debug\debug_font.obj
c:\users\ths70146\documents\visual studio 2015\projects\prototype ver.0.6\debug\enemy.obj
c:\users\ths70146\documents\visual studio 2015\projects\prototype ver.0.6\debug\explosion.obj
c:\users\ths70146\documents\visual studio 2015\projects\prototype ver.0.6\debug\fade.obj
c:\users\ths70146\documents\visual studio 2015\projects\prototype ver.0.6\debug\game.obj
c:\users\ths70146\documents\visual studio 2015\projects\prototype ver.0.6\debug\grid.obj
c:\users\ths70146\documents\visual studio 2015\projects\prototype ver.0.6\debug\input.obj
c:\users\ths70146\documents\visual studio 2015\projects\prototype ver.0.6\debug\joycon.obj
c:\users\ths70146\documents\visual studio 2015\projects\prototype ver.0.6\debug\light.obj
c:\users\ths70146\documents\visual studio 2015\projects\prototype ver.0.6\debug\main.obj
c:\users\ths70146\documents\visual studio 2015\projects\prototype ver.0.6\debug\mydirect3d.obj
c:\users\ths70146\documents\visual studio 2015\projects\prototype ver.0.6\debug\player.obj
c:\users\ths70146\documents\visual studio 2015\projects\prototype ver.0.6\debug\sprite.obj
c:\users\ths70146\documents\visual studio 2015\projects\prototype ver.0.6\debug\system_timer.obj
c:\users\ths70146\documents\visual studio 2015\projects\prototype ver.0.6\debug\texture.obj
c:\users\tekki\desktop\prototype ver.0.6\debug\20180523_02.ilk
c:\users\tekki\desktop\prototype ver.0.6\debug\20180523_02.exe
c:\users\tekki\desktop\prototype ver.0.6\debug\20180523_02.pdb
c:\users\ths70146\documents\visual studio 2015\projects\prototype ver.0.6\debug\20180523_02.ilk
c:\users\ths70146\documents\visual studio 2015\projects\prototype ver.0.6\debug\20180523_02.exe
c:\users\ths70146\documents\visual studio 2015\projects\prototype ver.0.6\debug\20180523_02.pdb
c:\users\ths70146\documents\visual studio 2015\projects\prototype ver.0.6\hewandoyou\debug\bullet.obj
c:\users\ths70146\documents\visual studio 2015\projects\prototype ver.0.6\hewandoyou\debug\camera.obj
c:\users\ths70146\documents\visual studio 2015\projects\prototype ver.0.6\hewandoyou\debug\cube.obj
c:\users\ths70146\documents\visual studio 2015\projects\prototype ver.0.6\hewandoyou\debug\debug_font.obj
c:\users\ths70146\documents\visual studio 2015\projects\prototype ver.0.6\hewandoyou\debug\enemy.obj
c:\users\ths70146\documents\visual studio 2015\projects\prototype ver.0.6\hewandoyou\debug\explosion.obj
c:\users\ths70146\documents\visual studio 2015\projects\prototype ver.0.6\hewandoyou\debug\fade.obj
c:\users\ths70146\documents\visual studio 2015\projects\prototype ver.0.6\hewandoyou\debug\game.obj
c:\users\ths70146\documents\visual studio 2015\projects\prototype ver.0.6\hewandoyou\debug\grid.obj
c:\users\ths70146\documents\visual studio 2015\projects\prototype ver.0.6\hewandoyou\debug\input.obj
c:\users\ths70146\documents\visual studio 2015\projects\prototype ver.0.6\hewandoyou\debug\joycon.obj
c:\users\ths70146\documents\visual studio 2015\projects\prototype ver.0.6\hewandoyou\debug\light.obj
c:\users\ths70146\documents\visual studio 2015\projects\prototype ver.0.6\hewandoyou\debug\main.obj
c:\users\ths70146\documents\visual studio 2015\projects\prototype ver.0.6\hewandoyou\debug\mydirect3d.obj
c:\users\ths70146\documents\visual studio 2015\projects\prototype ver.0.6\hewandoyou\debug\player.obj
c:\users\ths70146\documents\visual studio 2015\projects\prototype ver.0.6\hewandoyou\debug\sprite.obj
c:\users\ths70146\documents\visual studio 2015\projects\prototype ver.0.6\hewandoyou\debug\system_timer.obj
c:\users\ths70146\documents\visual studio 2015\projects\prototype ver.0.6\hewandoyou\debug\texture.obj
c:\users\ths70146\documents\visual studio 2015\projects\prototype ver.0.6\hewandoyou\debug\20180523_02.ilk
c:\users\ths70146\documents\visual studio 2015\projects\prototype ver.0.6\hewandoyou\debug\vc140.idb
c:\users\ths70146\documents\visual studio 2015\projects\prototype ver.0.6\hewandoyou\debug\20180523_02.pdb
c:\users\ths70146\documents\visual studio 2015\projects\prototype ver.0.6\hewandoyou\debug\vc140.pdb
c:\users\ths70146\documents\visual studio 2015\projects\prototype ver.0.6\hewandoyou\debug\20180523_02.exe
c:\users\ths70146\documents\visual studio 2015\projects\prototype ver.0.6\hewandoyou\debug\20180523_02.tlog\cl.command.1.tlog
c:\users\ths70146\documents\visual studio 2015\projects\prototype ver.0.6\hewandoyou\debug\20180523_02.tlog\cl.read.1.tlog
c:\users\ths70146\documents\visual studio 2015\projects\prototype ver.0.6\hewandoyou\debug\20180523_02.tlog\cl.write.1.tlog
c:\users\ths70146\documents\visual studio 2015\projects\prototype ver.0.6\hewandoyou\debug\20180523_02.tlog\link.command.1.tlog
c:\users\ths70146\documents\visual studio 2015\projects\prototype ver.0.6\hewandoyou\debug\20180523_02.tlog\link.read.1.tlog
c:\users\ths70146\documents\visual studio 2015\projects\prototype ver.0.6\hewandoyou\debug\20180523_02.tlog\link.write.1.tlog
